<?xml version="1.0" encoding="UTF-8"?>
<!-- Generated by org.testng.reporters.JUnitReportReporter -->
<testsuite hostname="ITSMYACCOUNT-PC" name="testcases.HomePageTestCase" tests="1" failures="0" timestamp="17 Dec 2017 09:19:14 GMT" time="7.204" errors="0">
  <testcase name="Application" time="7.204" classname="testcases.HomePageTestCase"/>
</testsuite> <!-- testcases.HomePageTestCase -->
