<?xml version="1.0" encoding="UTF-8"?>
<!-- Generated by org.testng.reporters.JUnitReportReporter -->
<testsuite hostname="ITSMYACCOUNT-PC" name="testcases.LoginpageTest" tests="1" failures="0" timestamp="17 Dec 2017 09:39:55 GMT" time="7.228" errors="0">
  <testcase name="gettingcredentials" time="7.228" classname="testcases.LoginpageTest"/>
</testsuite> <!-- testcases.LoginpageTest -->
