<?xml version="1.0" encoding="UTF-8"?>
<!-- Generated by org.testng.reporters.JUnitReportReporter -->
<testsuite hostname="ITSMYACCOUNT-PC" name="testcases.LoginpageTest" tests="1" failures="0" timestamp="22 Dec 2017 07:57:49 GMT" time="0.216" errors="0">
  <testcase name="gettingcredentials" time="0.216" classname="testcases.LoginpageTest"/>
</testsuite> <!-- testcases.LoginpageTest -->
