<?xml version="1.0" encoding="UTF-8"?>
<!-- Generated by org.testng.reporters.JUnitReportReporter -->
<testsuite hostname="ITSMYACCOUNT-PC" name="testcases.GetMemberUserCredentialsAndChangePassword" tests="1" failures="0" timestamp="16 Dec 2017 11:42:08 GMT" time="0.232" errors="0">
  <testcase name="gettingcredentials" time="0.232" classname="testcases.GetMemberUserCredentialsAndChangePassword"/>
</testsuite> <!-- testcases.GetMemberUserCredentialsAndChangePassword -->
