<?xml version="1.0" encoding="UTF-8"?>
<!-- Generated by org.testng.reporters.JUnitReportReporter -->
<testsuite hostname="ITSMYACCOUNT-PC" name="testcases.Happyflow" tests="1" failures="0" timestamp="17 Dec 2017 12:26:43 GMT" time="10.690" errors="0">
  <testcase name="Regression" time="10.690" classname="testcases.Happyflow"/>
</testsuite> <!-- testcases.Happyflow -->
